C251 COMPILER V5.60.0,  HCSR04                                                             11/07/24  14:32:01  PAGE 1   


C251 COMPILER V5.60.0, COMPILATION OF MODULE HCSR04
OBJECT MODULE PLACED IN .\Out_File\HCSR04.obj
COMPILER INVOKED BY: D:\keil5\keil5_MDK\keil5_MDK_32\C251\BIN\C251.EXE ..\CODE\HCSR04.c XSMALL INTR2 WARNINGLEVEL(3) BRO
                    -WSE INCDIR(..\..\Libraries\libraries;..\..\Libraries\seekfree_libraries;..\..\Libraries\seekfree_peripheral;..\CODE;..\U
                    -SER\inc;..\USER\src) DEBUG PRINT(.\Out_File\HCSR04.lst) OBJECT(.\Out_File\HCSR04.obj) 

stmt  level    source

    1          #include "isr.h"
    2          #include <string.h>
    3          #include <stdio.h>
    4          #include "common.h"
    5          #include "zf_gpio.h"
    6          #include "zf_delay.h"
    7          #include "HCSR04.h"
    8          
    9          volatile int time = 0;
   10          
   11          void HC_SR04_Init(void)
   12          {
   13   1              gpio_mode(Echo_PIN, GPIO);                      //双向模式
   14   1              gpio_pull_set(Echo_PIN, NOPULL);        //浮空模式
   15   1              gpio_mode(Trig_PIN, GPO_PP);            //推挽输出
   16   1          
   17   1              Trig_PIN = 0;   //GPIO_WriteBit(GPIOA,Trig_PIN,(BitAction)0);                           
   18   1              delay_us(15);   //延时15微秒
   19   1      }
   20          
   21          float sonar(void) 
   22          {
   23   1          static float Distance_mm;
   24   1          static float time_end = 0;          //存储回波信号时间
   25   1          static int i = 0,j = 0;
   26   1              Trig_PIN = 1;                   // GPIO_WriteBit(GPIOA, Trig_PIN, Bit_SET);
   27   1          delay_us(15);               // 触发超声脉冲至少10微秒
   28   1              Trig_PIN = 0;                   //GPIO_WriteBit(GPIOA, Trig_PIN, Bit_RESET);
   29   1              
   30   1              while(Echo_PIN == 0)    //while (GPIO_ReadInputDataBit(GPIOA, Echo_PIN) == 0);
   31   1          {
   32   2      //        i++;
   33   2      //        if(i>10000)  
   34   2      //        {
   35   2      //            i = 0;
   36   2      //            return -1;
   37   2      //        }
   38   2           }
   39   1          
   40   1          time = 0;                           //记录开始时间
   41   1          
   42   1              while(Echo_PIN == 1)            //while (GPIO_ReadInputDataBit(GPIOA, Echo_PIN) == 1);
   43   1          {
   44   2      //       j++;
   45   2      //       if(j>10000)  
   46   2      //       {
   47   2      //           j = 0;
   48   2      //           return -2;
   49   2      //       }
   50   2          }
   51   1          time_end = time;            // 计算时间差
   52   1          
   53   1              if(time_end < 3800)
   54   1          {
   55   2                      Distance_mm = (SOUND_SPEED * time_end) / 20.0;
   56   2              } 
   57   1          return Distance_mm;
C251 COMPILER V5.60.0,  HCSR04                                                             11/07/24  14:32:01  PAGE 2   

   58   1      }


Module Information          Static   Overlayable
------------------------------------------------
  code size            =       139     ------
  ecode size           =    ------     ------
  data size            =    ------     ------
  idata size           =    ------     ------
  pdata size           =    ------     ------
  xdata size           =    ------     ------
  xdata-const size     =    ------     ------
  edata size           =        14     ------
  bit size             =    ------     ------
  ebit size            =    ------     ------
  bitaddressable size  =    ------     ------
  ebitaddressable size =    ------     ------
  far data size        =    ------     ------
  huge data size       =    ------     ------
  const size           =    ------     ------
  hconst size          =        26     ------
End of Module Information.


C251 COMPILATION COMPLETE.  0 WARNING(S),  0 ERROR(S)
