C251 COMPILER V5.60.0,  SEEKFREE_AT24C02                                                   15/07/24  10:58:41  PAGE 1   


C251 COMPILER V5.60.0, COMPILATION OF MODULE SEEKFREE_AT24C02
OBJECT MODULE PLACED IN .\Out_File\SEEKFREE_AT24C02.obj
COMPILER INVOKED BY: D:\keil5\keil5_MDK\keil5_MDK_32\C251\BIN\C251.EXE ..\..\Libraries\seekfree_peripheral\SEEKFREE_AT24
                    -C02.c XSMALL INTR2 WARNINGLEVEL(3) BROWSE INCDIR(..\..\Libraries\libraries;..\..\Libraries\seekfree_libraries;..\..\Libr
                    -aries\seekfree_peripheral;..\CODE;..\USER\inc;..\USER\src) DEBUG PRINT(.\Out_File\SEEKFREE_AT24C02.lst) OBJECT(.\Out_Fil
                    -e\SEEKFREE_AT24C02.obj) 

stmt  level    source

    1          /********************************************************************************************************
             -*************
    2           * COPYRIGHT NOTICE
    3           * Copyright (c) 2018,逐飞科技
    4           * All rights reserved.
    5           * 技术讨论QQ群：一群：179029047(已满)  二群：244861897
    6           *
    7           * 以下所有内容版权均属逐飞科技所有，未经允许不得用于商业用途，
    8           * 欢迎各位使用并传播本程序，修改内容时必须保留逐飞科技的版权声明。
    9           *
   10           * @file                虚拟示波器协议
   11           * @company                     成都逐飞科技有限公司
   12           * @author              逐飞科技(QQ3184284598)
   13           * @version             查看doc内version文件 版本说明
   14           * @Software            MDK FOR C251 V5.60
   15           * @Target core         STC32G12K128
   16           * @Taobao              https://seekfree.taobao.com/
   17           * @date                2019-04-30
   18           * @note                    
   19           ********************************************************************************************************
             -************/
   20          #include "zf_delay.h"
   21          #include "SEEKFREE_IIC.h"
   22          #include "SEEKFREE_AT24C02.h"
   23          
   24          
   25          #pragma warning disable = 173
   26          
   27          //-------------------------------------------------------------------------------------------------------
             -------------
   28          //  @brief      at24c02写一个字节
   29          //  @param      byte_reg        at24c02地址(0-255)
   30          //  @param      dat                     需要写入的数据
   31          //  @return     void                                    
   32          //  @since      v1.0
   33          //  Sample usage:       
   34          //  @note       
   35          //-------------------------------------------------------------------------------------------------------
             -------------
   36          void at24c02_write_byte(uint8 byte_reg, uint8 dat)
   37          {
   38   1              delay_ms(6);
   39   1              simiic_write_reg(AT24C02_DEV_ADDR, byte_reg, dat);
   40   1      }
   41          
   42          //-------------------------------------------------------------------------------------------------------
             -------------
   43          //  @brief      at24c02读一个字节
   44          //  @param      byte_reg        at24c02地址(0-255)
   45          //  @return     uint8           返回读取到的字节数                                      
   46          //  @since      v1.0
   47          //  Sample usage:       
   48          //  @note       
   49          //-------------------------------------------------------------------------------------------------------
             -------------
   50          uint8 at24c02_read_byte(uint8 byte_reg)
C251 COMPILER V5.60.0,  SEEKFREE_AT24C02                                                   15/07/24  10:58:41  PAGE 2   

   51          {
   52   1              delay_ms(6);
   53   1              return simiic_read_reg(AT24C02_DEV_ADDR, byte_reg, SIMIIC);
   54   1      }
   55          
   56          //-------------------------------------------------------------------------------------------------------
             -------------
   57          //  @brief      at24c02写多个字节
   58          //  @param      byte_reg        at24c02起始地址(0-255)
   59          //  @param      dat_add         需要写入的数据指针
   60          //  @param      num                     需要写入多少个数据
   61          //  @return     void                                    
   62          //  @since      v1.0
   63          //  Sample usage:       
   64          //  @note       
   65          //-------------------------------------------------------------------------------------------------------
             -------------
   66          void at24c02_write_bytes(uint8 byte_reg, uint8 *dat_add, uint8 num)
   67          {
   68   1              delay_ms(6);
   69   1              simiic_start();
   70   1          send_ch( (AT24C02_DEV_ADDR<<1) | 0x00);
   71   1              send_ch( byte_reg );                            
   72   1      
   73   1          while(--num)
   74   1          {
   75   2                      send_ch( *dat_add++ );                                  
   76   2                      byte_reg++;
   77   2                      if((byte_reg % 8) == 0)
   78   2                      {
   79   3                              simiic_stop();
   80   3                              delay_ms(6);
   81   3                              simiic_start();
   82   3                              send_ch( (AT24C02_DEV_ADDR<<1) | 0x00);
   83   3                              send_ch( byte_reg );                            
   84   3                      }
   85   2          }
   86   1              send_ch( *dat_add++ );   
   87   1              simiic_stop();
   88   1      }
   89          
   90          //-------------------------------------------------------------------------------------------------------
             -------------
   91          //  @brief      at24c02读多个字节
   92          //  @param      byte_reg        at24c02起始地址(0-255)
   93          //  @param      dat_add         需要读出的数据指针
   94          //  @param      num                     需要读出多少个数据
   95          //  @return     void                                    
   96          //  @since      v1.0
   97          //  Sample usage:       
   98          //  @note       
   99          //-------------------------------------------------------------------------------------------------------
             -------------
  100          void at24c02_read_bytes(uint8 byte_reg, uint8 *dat_add, uint8 num)
  101          {
  102   1              delay_ms(5);
  103   1              simiic_start();
  104   1          send_ch( (AT24C02_DEV_ADDR<<1) | 0x00);  //发送器件地址加写位
  105   1              send_ch( byte_reg );                                     //发送从机寄存器地址
  106   1              delay_ms(5);
  107   1              simiic_start();
  108   1              send_ch( (AT24C02_DEV_ADDR<<1) | 0x01);  //发送器件地址加读位
  109   1          while(--num)
  110   1          {
  111   2              *dat_add++ = read_ch(1); //读取数据
  112   2                      byte_reg++;
C251 COMPILER V5.60.0,  SEEKFREE_AT24C02                                                   15/07/24  10:58:41  PAGE 3   

  113   2          }
  114   1              *dat_add++ = read_ch(0); //读取数据
  115   1              simiic_stop();
  116   1      }


Module Information          Static   Overlayable
------------------------------------------------
  code size            =       233     ------
  ecode size           =    ------     ------
  data size            =    ------     ------
  idata size           =    ------     ------
  pdata size           =    ------     ------
  xdata size           =    ------     ------
  xdata-const size     =    ------     ------
  edata size           =    ------          4
  bit size             =    ------     ------
  ebit size            =    ------     ------
  bitaddressable size  =    ------     ------
  ebitaddressable size =    ------     ------
  far data size        =    ------     ------
  huge data size       =    ------     ------
  const size           =    ------     ------
  hconst size          =    ------     ------
End of Module Information.


C251 COMPILATION COMPLETE.  0 WARNING(S),  0 ERROR(S)
